2024-08-09 09:43:03,728: Special key pressed: Key.shift
2024-08-09 09:43:03,831: Key pressed: H
2024-08-09 09:43:06,424: Key pressed: e
2024-08-09 09:43:06,540: Key pressed: l
2024-08-09 09:43:06,651: Key pressed: l
2024-08-09 09:43:06,796: Key pressed: o
2024-08-09 09:43:06,907: Special key pressed: Key.space
2024-08-09 09:43:07,034: Special key pressed: Key.backspace
2024-08-09 09:43:07,145: Special key pressed: Key.space
2024-08-09 09:43:08,706: Key pressed: f
2024-08-09 09:43:08,827: Key pressed: r
2024-08-09 09:43:08,931: Key pressed: i
2024-08-09 09:43:09,051: Key pressed: e
2024-08-09 09:43:09,216: Key pressed: d
2024-08-09 09:43:09,284: Key pressed: n
2024-08-09 09:43:09,888: Special key pressed: Key.backspace
2024-08-09 09:43:10,056: Special key pressed: Key.backspace
2024-08-09 09:43:10,604: Key pressed: n
2024-08-09 09:43:10,730: Key pressed: d
2024-08-09 09:43:11,097: Key pressed: .
2024-08-09 09:43:11,177: Special key pressed: Key.space
2024-08-09 09:43:11,379: Key pressed: t
2024-08-09 09:43:11,436: Key pressed: h
2024-08-09 09:43:11,581: Key pressed: i
2024-08-09 09:43:11,655: Key pressed: s
2024-08-09 09:43:11,788: Special key pressed: Key.space
2024-08-09 09:43:11,959: Key pressed: i
2024-08-09 09:43:12,023: Key pressed: s
2024-08-09 09:43:12,134: Special key pressed: Key.space
2024-08-09 09:43:12,259: Key pressed: a
2024-08-09 09:43:12,329: Special key pressed: Key.space
2024-08-09 09:43:12,799: Key pressed: t
2024-08-09 09:43:12,874: Key pressed: e
2024-08-09 09:43:13,008: Key pressed: s
2024-08-09 09:43:13,100: Key pressed: t
2024-08-09 09:43:16,762: Special key pressed: Key.space
2024-08-09 09:43:16,985: Key pressed: t
2024-08-09 09:43:17,037: Key pressed: o
2024-08-09 09:43:17,183: Special key pressed: Key.space
2024-08-09 09:43:17,571: Key pressed: s
2024-08-09 09:43:17,740: Key pressed: e
2024-08-09 09:43:17,868: Key pressed: e
2024-08-09 09:43:17,954: Special key pressed: Key.space
2024-08-09 09:43:18,091: Key pressed: i
2024-08-09 09:43:18,172: Key pressed: f
2024-08-09 09:43:18,277: Special key pressed: Key.space
2024-08-09 09:43:18,662: Key pressed: m
2024-08-09 09:43:18,745: Key pressed: y
2024-08-09 09:43:18,847: Special key pressed: Key.space
2024-08-09 09:43:19,026: Key pressed: l
2024-08-09 09:43:19,659: Special key pressed: Key.backspace
2024-08-09 09:43:19,852: Key pressed: k
2024-08-09 09:43:19,975: Key pressed: e
2024-08-09 09:43:20,266: Key pressed: y
2024-08-09 09:43:20,616: Key pressed: l
2024-08-09 09:43:20,775: Key pressed: o
2024-08-09 09:43:21,030: Key pressed: g
2024-08-09 09:43:21,150: Key pressed: g
2024-08-09 09:43:21,209: Key pressed: e
2024-08-09 09:43:21,297: Key pressed: r
2024-08-09 09:43:24,532: Special key pressed: Key.space
2024-08-09 09:43:24,632: Key pressed: i
2024-08-09 09:43:24,727: Key pressed: s
2024-08-09 09:43:24,811: Special key pressed: Key.space
2024-08-09 09:43:24,947: Key pressed: w
2024-08-09 09:43:25,101: Key pressed: r
2024-08-09 09:43:25,193: Key pressed: k
2024-08-09 09:43:25,762: Special key pressed: Key.backspace
2024-08-09 09:43:26,043: Key pressed: o
2024-08-09 09:43:26,350: Key pressed: r
2024-08-09 09:43:26,451: Key pressed: k
2024-08-09 09:43:26,592: Key pressed: i
2024-08-09 09:43:26,647: Key pressed: n
2024-08-09 09:43:26,768: Key pressed: g
2024-08-09 09:43:31,943: Key pressed: .
2024-08-09 09:43:32,043: Special key pressed: Key.space
2024-08-09 09:43:35,468: Key pressed: h
2024-08-09 09:43:35,585: Key pressed: e
2024-08-09 09:43:35,670: Key pressed: y
2024-08-09 09:43:35,811: Key pressed: y
2024-08-09 09:43:36,061: Key pressed: y
2024-08-09 09:43:36,183: Key pressed: y
2024-08-09 09:43:36,280: Key pressed: y
2024-08-09 09:43:38,448: Special key pressed: Key.space
2024-08-09 09:43:38,918: Special key pressed: Key.shift
2024-08-09 09:43:39,378: Key pressed: Q
2024-08-09 09:43:39,809: Key pressed: u
2024-08-09 09:43:39,927: Key pressed: a
2024-08-09 09:43:40,215: Key pressed: z
2024-08-09 09:43:40,615: Key pressed: 1
2024-08-09 09:43:40,723: Key pressed: 3
2024-08-09 09:43:41,005: Special key pressed: Key.space
2024-08-09 09:43:41,239: Key pressed: h
2024-08-09 09:43:41,356: Key pressed: e
2024-08-09 09:43:41,456: Key pressed: r
2024-08-09 09:43:41,584: Key pressed: e
2024-08-09 09:43:48,509: Special key pressed: Key.enter
2024-08-09 09:43:48,632: Special key pressed: Key.enter
2024-08-09 09:43:48,755: Special key pressed: Key.enter
2024-08-09 09:43:48,865: Special key pressed: Key.enter
2024-08-09 09:43:51,247: Special key pressed: Key.shift
2024-08-09 09:43:51,323: Key pressed: C
2024-08-09 09:43:51,383: Key pressed: o
2024-08-09 09:43:51,508: Key pressed: d
2024-08-09 09:43:51,589: Key pressed: y
2024-08-09 09:43:52,111: Special key pressed: Key.space
2024-08-09 09:43:52,433: Key pressed: b
2024-08-09 09:43:52,499: Key pressed: a
2024-08-09 09:43:52,679: Key pressed: c
2024-08-09 09:43:52,761: Key pressed: k
2024-08-09 09:43:53,669: Special key pressed: Key.space
2024-08-09 09:43:53,861: Key pressed: a
2024-08-09 09:43:53,980: Key pressed: t
2024-08-09 09:43:54,072: Special key pressed: Key.space
2024-08-09 09:43:54,206: Key pressed: a
2024-08-09 09:43:54,294: Key pressed: g
2024-08-09 09:43:54,405: Key pressed: a
2024-08-09 09:43:54,558: Key pressed: i
2024-08-09 09:43:54,714: Key pressed: n
2024-08-09 09:43:54,809: Special key pressed: Key.space
2024-08-09 09:43:57,790: Special key pressed: Key.esc
2024-08-09 09:53:52,161: Special key pressed: Key.esc
2024-08-09 09:54:05,949: Special key pressed: Key.esc
2024-08-09 09:54:26,528: Special key pressed: Key.shift
2024-08-09 09:54:26,631: Key pressed: T
2024-08-09 09:54:26,741: Key pressed: e
2024-08-09 09:54:26,871: Key pressed: s
2024-08-09 09:54:26,954: Key pressed: t
2024-08-09 09:54:27,056: Special key pressed: Key.space
2024-08-09 09:54:27,213: Special key pressed: Key.backspace
2024-08-09 09:54:27,304: Special key pressed: Key.space
2024-08-09 09:54:27,626: Key pressed: t
2024-08-09 09:54:27,686: Key pressed: e
2024-08-09 09:54:27,827: Key pressed: s
2024-08-09 09:54:27,932: Key pressed: t
2024-08-09 09:54:28,049: Special key pressed: Key.space
2024-08-09 09:54:29,082: Key pressed: t
2024-08-09 09:54:29,138: Key pressed: e
2024-08-09 09:54:29,282: Key pressed: s
2024-08-09 09:54:29,357: Key pressed: t
2024-08-09 09:54:29,453: Special key pressed: Key.space
2024-08-09 09:54:29,691: Special key pressed: Key.backspace
2024-08-09 09:54:29,811: Special key pressed: Key.space
2024-08-09 09:54:30,516: Special key pressed: Key.backspace
2024-08-09 09:54:30,710: Key pressed: .
2024-08-09 09:54:30,828: Special key pressed: Key.space
2024-08-09 09:54:31,597: Key pressed: t
2024-08-09 09:54:31,661: Key pressed: h
2024-08-09 09:54:31,789: Key pressed: i
2024-08-09 09:54:31,880: Key pressed: s
2024-08-09 09:54:32,012: Special key pressed: Key.space
2024-08-09 09:54:32,217: Key pressed: i
2024-08-09 09:54:32,290: Key pressed: s
2024-08-09 09:54:32,383: Special key pressed: Key.space
2024-08-09 09:54:32,993: Key pressed: k
2024-08-09 09:54:33,095: Key pressed: e
2024-08-09 09:54:33,243: Key pressed: y
2024-08-09 09:54:33,496: Key pressed: l
2024-08-09 09:54:33,682: Key pressed: o
2024-08-09 09:54:33,799: Key pressed: g
2024-08-09 09:54:33,930: Key pressed: g
2024-08-09 09:54:34,083: Key pressed: e
2024-08-09 09:54:34,134: Key pressed: r
2024-08-09 09:54:34,267: Special key pressed: Key.space
2024-08-09 09:54:34,679: Key pressed: t
2024-08-09 09:54:34,856: Key pressed: e
2024-08-09 09:54:35,060: Key pressed: s
2024-08-09 09:54:35,170: Key pressed: t
2024-08-09 09:54:35,262: Special key pressed: Key.space
2024-08-09 09:54:35,424: Special key pressed: Key.backspace
2024-08-09 09:54:35,523: Special key pressed: Key.space
2024-08-09 09:54:36,066: Special key pressed: Key.shift
2024-08-09 09:54:36,209: Key pressed: Q
2024-08-09 09:54:36,478: Key pressed: u
2024-08-09 09:54:36,647: Key pressed: a
2024-08-09 09:54:37,010: Key pressed: z
2024-08-09 09:54:37,342: Key pressed: 1
2024-08-09 09:54:37,451: Key pressed: 3
2024-08-09 09:54:38,040: Special key pressed: Key.space
2024-08-09 09:54:38,184: Key pressed: o
2024-08-09 09:54:38,326: Key pressed: n
2024-08-09 09:54:38,479: Special key pressed: Key.space
2024-08-09 09:54:38,579: Key pressed: t
2024-08-09 09:54:38,686: Key pressed: h
2024-08-09 09:54:38,746: Key pressed: e
2024-08-09 09:54:38,834: Special key pressed: Key.space
2024-08-09 09:54:39,048: Key pressed: k
2024-08-09 09:54:39,166: Key pressed: e
2024-08-09 09:54:39,271: Key pressed: y
2024-08-09 09:54:39,343: Key pressed: s
2024-08-09 09:54:41,659: Special key pressed: Key.backspace
2024-08-09 09:54:43,989: Special key pressed: Key.esc
